\BOOKMARK [0][-]{chapter.1}{Introduction}{}% 1
\BOOKMARK [1][-]{section.1.1}{Motivations}{chapter.1}% 2
\BOOKMARK [1][-]{section.1.2}{Background}{chapter.1}% 3
\BOOKMARK [1][-]{section.1.3}{Related works}{chapter.1}% 4
\BOOKMARK [1][-]{section.1.4}{Outline}{chapter.1}% 5
\BOOKMARK [0][-]{chapter.2}{Survey}{}% 6
\BOOKMARK [1][-]{section.2.1}{General}{chapter.2}% 7
\BOOKMARK [1][-]{section.2.2}{All methods}{chapter.2}% 8
\BOOKMARK [2][-]{subsection.2.2.1}{Neural Networks}{section.2.2}% 9
\BOOKMARK [2][-]{subsection.2.2.2}{Embedding}{section.2.2}% 10
\BOOKMARK [2][-]{subsection.2.2.3}{Deep matrix factorization}{section.2.2}% 11
\BOOKMARK [2][-]{subsection.2.2.4}{Graph Fourier transform}{section.2.2}% 12
\BOOKMARK [2][-]{subsection.2.2.5}{Graph kernels}{section.2.2}% 13
\BOOKMARK [2][-]{subsection.2.2.6}{Network classification}{section.2.2}% 14
\BOOKMARK [0][-]{chapter.3}{Experiments}{}% 15
\BOOKMARK [1][-]{section.3.1}{Experimental setup}{chapter.3}% 16
\BOOKMARK [1][-]{section.3.2}{Results}{chapter.3}% 17
\BOOKMARK [1][-]{section.3.3}{Discussion}{chapter.3}% 18
\BOOKMARK [0][-]{chapter.4}{Conclusions}{}% 19
\BOOKMARK [1][-]{section.4.1}{Future works}{chapter.4}% 20
\BOOKMARK [0][-]{chapter*.16}{Bibliography}{}% 21
